TN:
SF:src/app.js
FN:24,(anonymous_0)
FN:29,(anonymous_1)
FN:35,(anonymous_2)
FN:40,(anonymous_3)
FNF:4
FNH:0
FNDA:0,(anonymous_0)
FNDA:0,(anonymous_1)
FNDA:0,(anonymous_2)
FNDA:0,(anonymous_3)
DA:1,3
DA:2,3
DA:3,3
DA:4,3
DA:6,3
DA:7,3
DA:9,3
DA:10,3
DA:13,3
DA:14,3
DA:15,3
DA:16,3
DA:19,3
DA:20,3
DA:21,3
DA:24,3
DA:25,0
DA:29,3
DA:30,0
DA:31,0
DA:35,3
DA:36,0
DA:39,3
DA:40,0
DA:41,0
DA:45,3
LF:26
LH:20
BRDA:10,0,0,3
BRDA:10,0,1,3
BRDA:39,1,0,0
BRDA:39,1,1,3
BRF:4
BRH:3
end_of_record
TN:
SF:src/controllers/authController.js
FN:6,(anonymous_0)
FN:70,(anonymous_1)
FN:170,(anonymous_2)
FN:278,(anonymous_3)
FN:303,(anonymous_4)
FNF:5
FNH:5
FNDA:18,(anonymous_0)
FNDA:14,(anonymous_1)
FNDA:11,(anonymous_2)
FNDA:1,(anonymous_3)
FNDA:1,(anonymous_4)
DA:1,3
DA:2,3
DA:7,18
DA:8,18
DA:11,18
DA:12,18
DA:13,1
DA:15,18
DA:16,1
DA:19,18
DA:20,1
DA:27,17
DA:28,0
DA:35,17
DA:37,17
DA:38,3
DA:45,14
DA:48,14
DA:54,14
DA:61,0
DA:62,0
DA:71,14
DA:72,14
DA:75,14
DA:78,14
DA:80,9
DA:81,0
DA:84,9
DA:85,0
DA:92,9
DA:94,9
DA:95,1
DA:101,8
DA:102,2
DA:108,6
DA:117,5
DA:119,5
DA:120,1
DA:121,1
DA:128,4
DA:129,4
DA:132,4
DA:133,4
DA:134,1
DA:141,3
DA:144,3
DA:147,3
DA:149,3
DA:156,0
DA:161,0
DA:162,0
DA:171,11
DA:172,11
DA:175,11
DA:177,11
DA:178,0
DA:179,11
DA:180,1
DA:183,11
DA:184,1
DA:191,10
DA:192,8
DA:194,8
DA:196,4
DA:197,4
DA:203,4
DA:213,2
DA:214,2
DA:215,2
DA:218,2
DA:220,2
DA:221,1
DA:228,1
DA:229,1
DA:231,1
DA:232,0
DA:239,1
DA:240,1
DA:247,1
DA:249,1
DA:264,0
DA:269,0
DA:270,0
DA:279,1
DA:280,1
DA:294,0
DA:295,0
DA:304,1
DA:305,1
DA:321,0
DA:322,0
DA:330,3
LF:92
LH:75
BRDA:12,0,0,1
BRDA:12,0,1,17
BRDA:12,1,0,18
BRDA:12,1,1,17
BRDA:15,2,0,1
BRDA:15,2,1,17
BRDA:15,3,0,18
BRDA:15,3,1,17
BRDA:19,4,0,1
BRDA:19,4,1,17
BRDA:27,5,0,0
BRDA:27,5,1,17
BRDA:37,6,0,3
BRDA:37,6,1,14
BRDA:78,7,0,9
BRDA:78,7,1,5
BRDA:78,8,0,14
BRDA:78,8,1,9
BRDA:80,9,0,0
BRDA:80,9,1,9
BRDA:80,10,0,9
BRDA:80,10,1,9
BRDA:84,11,0,0
BRDA:84,11,1,9
BRDA:94,12,0,1
BRDA:94,12,1,8
BRDA:101,13,0,2
BRDA:101,13,1,6
BRDA:117,14,0,5
BRDA:117,14,1,0
BRDA:119,15,0,1
BRDA:119,15,1,4
BRDA:133,16,0,1
BRDA:133,16,1,3
BRDA:177,17,0,0
BRDA:177,17,1,11
BRDA:179,18,0,1
BRDA:179,18,1,10
BRDA:183,19,0,1
BRDA:183,19,1,10
BRDA:191,20,0,8
BRDA:191,20,1,2
BRDA:194,21,0,4
BRDA:194,21,1,4
BRDA:196,22,0,1
BRDA:196,22,1,3
BRDA:213,23,0,2
BRDA:213,23,1,0
BRDA:220,24,0,1
BRDA:220,24,1,1
BRDA:231,25,0,0
BRDA:231,25,1,1
BRF:52
BRH:45
end_of_record
TN:
SF:src/controllers/registerController.js
FN:16,(anonymous_0)
FN:69,(anonymous_1)
FN:119,(anonymous_2)
FN:131,(anonymous_3)
FN:167,(anonymous_4)
FN:216,(anonymous_5)
FN:252,(anonymous_6)
FN:289,(anonymous_7)
FN:369,(anonymous_8)
FN:438,(anonymous_9)
FN:516,(anonymous_10)
FN:533,(anonymous_11)
FNF:12
FNH:12
FNDA:6,(anonymous_0)
FNDA:6,(anonymous_1)
FNDA:6,(anonymous_2)
FNDA:44,(anonymous_3)
FNDA:5,(anonymous_4)
FNDA:3,(anonymous_5)
FNDA:4,(anonymous_6)
FNDA:12,(anonymous_7)
FNDA:8,(anonymous_8)
FNDA:3,(anonymous_9)
FNDA:1,(anonymous_10)
FNDA:1,(anonymous_11)
DA:8,3
DA:9,3
DA:10,3
DA:17,6
DA:18,6
DA:21,6
DA:22,1
DA:28,5
DA:29,1
DA:36,4
DA:37,4
DA:38,2
DA:45,2
DA:46,2
DA:47,1
DA:53,1
DA:58,0
DA:59,0
DA:70,6
DA:71,6
DA:74,6
DA:75,1
DA:82,5
DA:83,5
DA:84,1
DA:91,4
DA:92,4
DA:93,4
DA:94,4
DA:96,4
DA:97,3
DA:103,1
DA:108,0
DA:109,0
DA:120,6
DA:121,6
DA:123,6
DA:124,0
DA:131,6
DA:132,44
DA:135,6
DA:136,2
DA:143,4
DA:144,4
DA:145,1
DA:151,3
DA:156,0
DA:157,0
DA:168,5
DA:169,5
DA:172,5
DA:174,5
DA:175,5
DA:176,1
DA:184,4
DA:185,2
DA:192,2
DA:193,2
DA:194,1
DA:200,1
DA:205,0
DA:206,0
DA:217,3
DA:218,3
DA:220,3
DA:221,0
DA:228,3
DA:229,3
DA:230,2
DA:236,1
DA:241,0
DA:242,0
DA:253,4
DA:254,4
DA:257,4
DA:258,2
DA:265,2
DA:266,2
DA:267,1
DA:273,1
DA:278,0
DA:279,0
DA:290,12
DA:302,12
DA:305,12
DA:307,1
DA:313,11
DA:314,1
DA:320,10
DA:321,1
DA:327,9
DA:328,9
DA:329,1
DA:335,8
DA:336,8
DA:337,1
DA:343,7
DA:354,7
DA:359,0
DA:360,0
DA:370,8
DA:371,8
DA:374,8
DA:375,8
DA:376,1
DA:382,7
DA:383,7
DA:384,7
DA:387,7
DA:388,3
DA:389,3
DA:390,0
DA:396,7
DA:397,7
DA:398,7
DA:399,1
DA:406,6
DA:407,3
DA:411,6
DA:412,6
DA:413,6
DA:414,6
DA:415,6
DA:416,6
DA:417,6
DA:418,6
DA:419,6
DA:422,6
DA:428,0
DA:429,0
DA:439,3
DA:440,3
DA:442,3
DA:443,3
DA:444,3
DA:447,3
DA:448,3
DA:449,0
DA:450,0
DA:455,3
DA:456,3
DA:459,3
DA:460,3
DA:461,3
DA:462,3
DA:463,3
DA:464,1
DA:465,1
DA:469,2
DA:473,2
DA:474,0
DA:475,0
DA:476,0
DA:483,2
DA:484,2
DA:487,2
DA:489,2
DA:495,0
DA:499,0
DA:503,0
DA:506,0
DA:507,0
DA:517,1
DA:518,1
DA:523,0
DA:524,0
DA:534,1
DA:535,1
DA:541,0
DA:542,0
DA:549,3
LF:171
LH:138
BRDA:21,0,0,1
BRDA:21,0,1,5
BRDA:21,1,0,6
BRDA:21,1,1,6
BRDA:28,2,0,1
BRDA:28,2,1,4
BRDA:37,3,0,2
BRDA:37,3,1,2
BRDA:46,4,0,1
BRDA:46,4,1,1
BRDA:74,5,0,1
BRDA:74,5,1,5
BRDA:74,6,0,6
BRDA:74,6,1,6
BRDA:83,7,0,1
BRDA:83,7,1,4
BRDA:94,8,0,2
BRDA:94,8,1,2
BRDA:94,9,0,2
BRDA:94,9,1,2
BRDA:94,10,0,1
BRDA:94,10,1,3
BRDA:96,11,0,3
BRDA:96,11,1,1
BRDA:123,12,0,0
BRDA:123,12,1,6
BRDA:132,13,0,21
BRDA:132,13,1,23
BRDA:135,14,0,2
BRDA:135,14,1,4
BRDA:135,15,0,6
BRDA:135,15,1,5
BRDA:144,16,0,1
BRDA:144,16,1,3
BRDA:172,17,0,5
BRDA:172,17,1,0
BRDA:175,18,0,1
BRDA:175,18,1,4
BRDA:184,19,0,2
BRDA:184,19,1,2
BRDA:184,20,0,4
BRDA:184,20,1,4
BRDA:193,21,0,1
BRDA:193,21,1,1
BRDA:220,22,0,0
BRDA:220,22,1,3
BRDA:229,23,0,2
BRDA:229,23,1,1
BRDA:257,24,0,2
BRDA:257,24,1,2
BRDA:257,25,0,4
BRDA:257,25,1,4
BRDA:266,26,0,1
BRDA:266,26,1,1
BRDA:305,27,0,1
BRDA:305,27,1,11
BRDA:305,28,0,12
BRDA:305,28,1,12
BRDA:305,28,2,12
BRDA:305,28,3,11
BRDA:305,28,4,11
BRDA:305,28,5,11
BRDA:305,28,6,11
BRDA:305,28,7,11
BRDA:313,29,0,1
BRDA:313,29,1,10
BRDA:320,30,0,1
BRDA:320,30,1,9
BRDA:328,31,0,1
BRDA:328,31,1,8
BRDA:336,32,0,1
BRDA:336,32,1,7
BRDA:375,33,0,1
BRDA:375,33,1,7
BRDA:383,34,0,7
BRDA:383,34,1,2
BRDA:384,35,0,7
BRDA:384,35,1,6
BRDA:387,36,0,3
BRDA:387,36,1,4
BRDA:389,37,0,0
BRDA:389,37,1,3
BRDA:396,38,0,7
BRDA:396,38,1,0
BRDA:398,39,0,1
BRDA:398,39,1,6
BRDA:406,40,0,3
BRDA:406,40,1,3
BRDA:412,41,0,6
BRDA:412,41,1,0
BRDA:448,42,0,0
BRDA:448,42,1,3
BRDA:459,43,0,3
BRDA:459,43,1,0
BRDA:463,44,0,1
BRDA:463,44,1,2
BRDA:473,45,0,0
BRDA:473,45,1,2
BRDA:475,46,0,0
BRDA:475,46,1,0
BRDA:495,47,0,0
BRDA:495,47,1,0
BRDA:495,48,0,0
BRDA:495,48,1,0
BRDA:495,48,2,0
BRF:105
BRH:89
end_of_record
TN:
SF:src/routes/auth.js
FNF:0
FNH:0
DA:1,3
DA:2,3
DA:3,3
DA:5,3
DA:8,3
DA:14,3
DA:20,3
DA:26,3
DA:29,3
DA:31,3
LF:10
LH:10
BRF:0
BRH:0
end_of_record
TN:
SF:src/routes/register.js
FN:12,(anonymous_0)
FN:17,(anonymous_1)
FN:22,(anonymous_2)
FN:27,(anonymous_3)
FN:32,(anonymous_4)
FN:37,(anonymous_5)
FN:42,(anonymous_6)
FN:47,(anonymous_7)
FN:52,(anonymous_8)
FN:57,(anonymous_9)
FN:62,(anonymous_10)
FNF:11
FNH:11
FNDA:6,(anonymous_0)
FNDA:6,(anonymous_1)
FNDA:6,(anonymous_2)
FNDA:5,(anonymous_3)
FNDA:3,(anonymous_4)
FNDA:4,(anonymous_5)
FNDA:12,(anonymous_6)
FNDA:8,(anonymous_7)
FNDA:3,(anonymous_8)
FNDA:1,(anonymous_9)
FNDA:1,(anonymous_10)
DA:7,3
DA:8,3
DA:9,3
DA:12,3
DA:13,6
DA:17,3
DA:18,6
DA:22,3
DA:23,6
DA:27,3
DA:28,5
DA:32,3
DA:33,3
DA:37,3
DA:38,4
DA:42,3
DA:43,12
DA:47,3
DA:48,8
DA:52,3
DA:53,3
DA:57,3
DA:58,1
DA:62,3
DA:63,1
DA:66,3
LF:26
LH:26
BRF:0
BRH:0
end_of_record
TN:
SF:src/services/authService.js
FN:9,(anonymous_0)
FN:48,(anonymous_1)
FN:58,(anonymous_2)
FN:82,(anonymous_3)
FN:112,(anonymous_4)
FN:142,(anonymous_5)
FN:194,(anonymous_6)
FN:210,(anonymous_7)
FN:217,(anonymous_8)
FN:223,(anonymous_9)
FN:229,(anonymous_10)
FNF:11
FNH:11
FNDA:21,(anonymous_0)
FNDA:18,(anonymous_1)
FNDA:14,(anonymous_2)
FNDA:9,(anonymous_3)
FNDA:9,(anonymous_4)
FNDA:8,(anonymous_5)
FNDA:19,(anonymous_6)
FNDA:15,(anonymous_7)
FNDA:25,(anonymous_8)
FNDA:25,(anonymous_9)
FNDA:25,(anonymous_10)
DA:1,4
DA:2,4
DA:3,4
DA:4,4
DA:5,4
DA:10,21
DA:12,21
DA:14,21
DA:15,0
DA:19,21
DA:20,21
DA:21,13
DA:22,8
DA:23,4
DA:24,4
DA:25,4
DA:26,4
DA:27,4
DA:30,21
DA:31,3
DA:35,18
DA:36,18
DA:37,1
DA:40,17
DA:42,0
DA:43,0
DA:49,18
DA:50,18
DA:52,0
DA:53,0
DA:59,14
DA:60,14
DA:61,14
DA:63,14
DA:72,14
DA:74,14
DA:76,0
DA:77,0
DA:83,9
DA:85,9
DA:87,9
DA:88,0
DA:92,9
DA:95,9
DA:96,0
DA:99,9
DA:100,9
DA:101,2
DA:104,7
DA:106,0
DA:107,0
DA:113,9
DA:115,9
DA:116,9
DA:117,2
DA:120,7
DA:123,7
DA:124,7
DA:125,1
DA:129,6
DA:132,6
DA:134,6
DA:136,0
DA:137,0
DA:143,8
DA:145,8
DA:147,8
DA:148,1
DA:152,7
DA:155,7
DA:157,7
DA:158,3
DA:162,4
DA:163,4
DA:164,4
DA:167,4
DA:168,4
DA:171,4
DA:174,4
DA:176,4
DA:188,0
DA:189,0
DA:195,19
DA:197,19
DA:202,19
DA:204,0
DA:205,0
DA:212,15
DA:213,15
DA:218,25
DA:219,25
DA:224,25
DA:225,25
DA:230,25
DA:231,5
DA:232,20
DA:233,5
DA:234,15
DA:235,14
DA:237,1
DA:241,4
LF:101
LH:84
BRDA:14,0,0,0
BRDA:14,0,1,21
BRDA:20,1,0,13
BRDA:20,1,1,8
BRDA:22,2,0,4
BRDA:22,2,1,4
BRDA:25,3,0,4
BRDA:25,3,1,0
BRDA:30,4,0,3
BRDA:30,4,1,18
BRDA:36,5,0,1
BRDA:36,5,1,17
BRDA:87,6,0,0
BRDA:87,6,1,9
BRDA:95,7,0,0
BRDA:95,7,1,9
BRDA:100,8,0,2
BRDA:100,8,1,7
BRDA:116,9,0,2
BRDA:116,9,1,7
BRDA:124,10,0,1
BRDA:124,10,1,6
BRDA:147,11,0,1
BRDA:147,11,1,7
BRDA:157,12,0,3
BRDA:157,12,1,4
BRDA:230,13,0,5
BRDA:230,13,1,20
BRDA:232,14,0,5
BRDA:232,14,1,15
BRDA:234,15,0,14
BRDA:234,15,1,1
BRF:32
BRH:28
end_of_record
TN:
SF:src/services/dbService.js
FN:5,(anonymous_0)
FN:11,(anonymous_1)
FN:16,(anonymous_2)
FN:27,(anonymous_3)
FN:93,(anonymous_4)
FN:94,(anonymous_5)
FN:95,(anonymous_6)
FN:106,(anonymous_7)
FN:107,(anonymous_8)
FN:108,(anonymous_9)
FN:119,(anonymous_10)
FN:120,(anonymous_11)
FN:121,(anonymous_12)
FN:132,(anonymous_13)
FN:134,(anonymous_14)
FNF:15
FNH:15
FNDA:5,(anonymous_0)
FNDA:5,(anonymous_1)
FNDA:5,(anonymous_2)
FNDA:5,(anonymous_3)
FNDA:126,(anonymous_4)
FNDA:126,(anonymous_5)
FNDA:126,(anonymous_6)
FNDA:5,(anonymous_7)
FNDA:5,(anonymous_8)
FNDA:5,(anonymous_9)
FNDA:555,(anonymous_10)
FNDA:555,(anonymous_11)
FNDA:555,(anonymous_12)
FNDA:5,(anonymous_13)
FNDA:5,(anonymous_14)
DA:1,5
DA:2,5
DA:6,5
DA:7,5
DA:12,5
DA:16,5
DA:17,5
DA:18,0
DA:20,5
DA:21,5
DA:29,5
DA:48,5
DA:62,5
DA:76,5
DA:86,5
DA:87,5
DA:88,5
DA:89,5
DA:94,126
DA:95,126
DA:96,126
DA:97,0
DA:99,126
DA:107,5
DA:108,5
DA:109,5
DA:110,0
DA:112,5
DA:120,555
DA:121,555
DA:122,555
DA:123,3
DA:125,552
DA:133,5
DA:134,5
DA:135,5
DA:136,0
DA:138,5
DA:145,5
LF:39
LH:35
BRDA:12,0,0,5
BRDA:12,0,1,0
BRDA:13,1,0,5
BRDA:13,1,1,0
BRDA:14,2,0,0
BRDA:14,2,1,0
BRDA:17,3,0,0
BRDA:17,3,1,5
BRDA:93,4,0,0
BRDA:96,5,0,0
BRDA:96,5,1,126
BRDA:106,6,0,0
BRDA:109,7,0,0
BRDA:109,7,1,5
BRDA:119,8,0,426
BRDA:122,9,0,3
BRDA:122,9,1,552
BRDA:133,10,0,5
BRDA:133,10,1,0
BRDA:135,11,0,0
BRDA:135,11,1,5
BRF:21
BRH:10
end_of_record
TN:
SF:src/services/registrationDbService.js
FN:14,(anonymous_0)
FN:30,(anonymous_1)
FN:46,(anonymous_2)
FN:97,(anonymous_3)
FN:138,(anonymous_4)
FN:175,(anonymous_5)
FN:197,(anonymous_6)
FNF:7
FNH:7
FNDA:29,(anonymous_0)
FNDA:14,(anonymous_1)
FNDA:11,(anonymous_2)
FNDA:11,(anonymous_3)
FNDA:5,(anonymous_4)
FNDA:15,(anonymous_5)
FNDA:12,(anonymous_6)
DA:7,5
DA:8,5
DA:15,29
DA:16,29
DA:20,29
DA:22,0
DA:23,0
DA:31,14
DA:32,14
DA:36,14
DA:38,0
DA:39,0
DA:47,11
DA:49,11
DA:50,11
DA:53,11
DA:72,8
DA:74,3
DA:76,3
DA:78,3
DA:79,1
DA:80,2
DA:81,1
DA:82,1
DA:83,0
DA:84,1
DA:85,1
DA:87,0
DA:90,0
DA:98,11
DA:100,11
DA:103,11
DA:104,11
DA:107,11
DA:121,11
DA:130,0
DA:131,0
DA:139,5
DA:141,5
DA:148,5
DA:149,2
DA:153,3
DA:154,3
DA:155,3
DA:156,1
DA:160,2
DA:165,2
DA:167,0
DA:168,0
DA:176,15
DA:177,15
DA:178,15
DA:179,15
DA:181,15
DA:187,15
DA:189,0
DA:190,0
DA:198,12
DA:199,12
DA:200,12
DA:201,12
DA:203,12
DA:210,12
DA:211,5
DA:213,5
DA:217,5
DA:218,5
DA:221,7
DA:224,7
DA:225,7
DA:226,7
DA:227,7
DA:229,7
DA:230,0
DA:231,0
DA:235,7
DA:240,7
DA:241,7
DA:243,0
DA:244,0
DA:249,5
LF:81
LH:64
BRDA:20,0,0,29
BRDA:20,0,1,13
BRDA:36,1,0,14
BRDA:36,1,1,10
BRDA:63,2,0,11
BRDA:63,2,1,8
BRDA:65,3,0,11
BRDA:65,3,1,9
BRDA:66,4,0,11
BRDA:66,4,1,9
BRDA:67,5,0,11
BRDA:67,5,1,9
BRDA:76,6,0,3
BRDA:76,6,1,0
BRDA:76,7,0,3
BRDA:76,7,1,3
BRDA:78,8,0,1
BRDA:78,8,1,2
BRDA:80,9,0,1
BRDA:80,9,1,1
BRDA:82,10,0,0
BRDA:82,10,1,1
BRDA:84,11,0,1
BRDA:84,11,1,0
BRDA:148,12,0,2
BRDA:148,12,1,3
BRDA:155,13,0,1
BRDA:155,13,1,2
BRDA:210,14,0,5
BRDA:210,14,1,7
BRDA:229,15,0,0
BRDA:229,15,1,7
BRF:32
BRH:28
end_of_record
TN:
SF:src/services/sessionService.js
FN:16,(anonymous_0)
FN:48,(anonymous_1)
FN:76,(anonymous_2)
FN:91,(anonymous_3)
FN:112,(anonymous_4)
FNF:5
FNH:5
FNDA:25,(anonymous_0)
FNDA:28,(anonymous_1)
FNDA:2,(anonymous_2)
FNDA:3,(anonymous_3)
FNDA:18,(anonymous_4)
DA:6,4
DA:7,4
DA:17,25
DA:21,25
DA:23,18
DA:24,18
DA:25,18
DA:28,7
DA:29,7
DA:30,7
DA:33,25
DA:38,25
DA:40,0
DA:41,0
DA:49,28
DA:50,28
DA:51,0
DA:54,28
DA:59,28
DA:60,2
DA:63,26
DA:68,0
DA:69,0
DA:77,2
DA:78,2
DA:83,0
DA:84,0
DA:92,3
DA:94,3
DA:102,3
DA:104,0
DA:105,0
DA:113,18
DA:115,18
DA:123,18
DA:125,0
DA:126,0
DA:131,4
LF:38
LH:27
BRDA:21,0,0,18
BRDA:21,0,1,7
BRDA:25,1,0,18
BRDA:25,1,1,0
BRDA:50,2,0,0
BRDA:50,2,1,28
BRDA:59,3,0,2
BRDA:59,3,1,26
BRF:8
BRH:6
end_of_record
