TN:
SF:src/app.js
FN:24,(anonymous_0)
FN:29,(anonymous_1)
FN:35,(anonymous_2)
FN:40,(anonymous_3)
FNF:4
FNH:0
FNDA:0,(anonymous_0)
FNDA:0,(anonymous_1)
FNDA:0,(anonymous_2)
FNDA:0,(anonymous_3)
DA:1,2
DA:2,2
DA:3,2
DA:4,2
DA:6,2
DA:7,2
DA:9,2
DA:10,2
DA:13,2
DA:14,2
DA:15,2
DA:16,2
DA:19,2
DA:20,2
DA:21,2
DA:24,2
DA:25,0
DA:29,2
DA:30,0
DA:31,0
DA:35,2
DA:36,0
DA:39,2
DA:40,0
DA:41,0
DA:45,2
LF:26
LH:20
BRDA:10,0,0,2
BRDA:10,0,1,2
BRDA:39,1,0,0
BRDA:39,1,1,2
BRF:4
BRH:3
end_of_record
TN:
SF:src/controllers/authController.js
FN:6,(anonymous_0)
FN:70,(anonymous_1)
FN:168,(anonymous_2)
FN:272,(anonymous_3)
FN:297,(anonymous_4)
FNF:5
FNH:5
FNDA:5,(anonymous_0)
FNDA:5,(anonymous_1)
FNDA:3,(anonymous_2)
FNDA:1,(anonymous_3)
FNDA:1,(anonymous_4)
DA:1,2
DA:2,2
DA:7,5
DA:8,5
DA:11,5
DA:12,5
DA:13,1
DA:15,5
DA:16,1
DA:19,5
DA:20,1
DA:27,4
DA:28,0
DA:35,4
DA:37,4
DA:38,1
DA:45,3
DA:48,3
DA:54,3
DA:61,0
DA:62,0
DA:71,5
DA:72,5
DA:75,5
DA:78,5
DA:80,0
DA:81,0
DA:84,0
DA:85,0
DA:92,0
DA:94,0
DA:95,0
DA:101,0
DA:102,0
DA:108,0
DA:115,5
DA:117,5
DA:118,1
DA:119,1
DA:126,4
DA:127,4
DA:130,4
DA:131,4
DA:132,1
DA:139,3
DA:142,3
DA:145,3
DA:147,3
DA:154,0
DA:159,0
DA:160,0
DA:169,3
DA:170,3
DA:173,3
DA:175,3
DA:176,0
DA:177,3
DA:178,1
DA:181,3
DA:182,1
DA:189,2
DA:190,0
DA:192,0
DA:193,0
DA:199,0
DA:209,2
DA:210,2
DA:211,2
DA:214,2
DA:216,2
DA:217,1
DA:224,1
DA:225,1
DA:227,1
DA:228,0
DA:235,1
DA:236,1
DA:243,1
DA:245,1
DA:258,0
DA:263,0
DA:264,0
DA:273,1
DA:274,1
DA:288,0
DA:289,0
DA:298,1
DA:299,1
DA:315,0
DA:316,0
DA:324,2
LF:91
LH:62
BRDA:12,0,0,1
BRDA:12,0,1,4
BRDA:12,1,0,5
BRDA:12,1,1,4
BRDA:15,2,0,1
BRDA:15,2,1,4
BRDA:15,3,0,5
BRDA:15,3,1,4
BRDA:19,4,0,1
BRDA:19,4,1,4
BRDA:27,5,0,0
BRDA:27,5,1,4
BRDA:37,6,0,1
BRDA:37,6,1,3
BRDA:78,7,0,0
BRDA:78,7,1,5
BRDA:78,8,0,5
BRDA:78,8,1,0
BRDA:80,9,0,0
BRDA:80,9,1,0
BRDA:80,10,0,0
BRDA:80,10,1,0
BRDA:84,11,0,0
BRDA:84,11,1,0
BRDA:94,12,0,0
BRDA:94,12,1,0
BRDA:101,13,0,0
BRDA:101,13,1,0
BRDA:115,14,0,5
BRDA:115,14,1,0
BRDA:117,15,0,1
BRDA:117,15,1,4
BRDA:131,16,0,1
BRDA:131,16,1,3
BRDA:175,17,0,0
BRDA:175,17,1,3
BRDA:177,18,0,1
BRDA:177,18,1,2
BRDA:181,19,0,1
BRDA:181,19,1,2
BRDA:189,20,0,0
BRDA:189,20,1,2
BRDA:192,21,0,0
BRDA:192,21,1,0
BRDA:209,22,0,2
BRDA:209,22,1,0
BRDA:216,23,0,1
BRDA:216,23,1,1
BRDA:227,24,0,0
BRDA:227,24,1,1
BRF:50
BRH:30
end_of_record
TN:
SF:src/controllers/registerController.js
FN:16,(anonymous_0)
FN:69,(anonymous_1)
FN:119,(anonymous_2)
FN:131,(anonymous_3)
FN:167,(anonymous_4)
FN:216,(anonymous_5)
FN:252,(anonymous_6)
FN:289,(anonymous_7)
FN:369,(anonymous_8)
FN:424,(anonymous_9)
FN:488,(anonymous_10)
FN:505,(anonymous_11)
FNF:12
FNH:12
FNDA:6,(anonymous_0)
FNDA:6,(anonymous_1)
FNDA:6,(anonymous_2)
FNDA:44,(anonymous_3)
FNDA:5,(anonymous_4)
FNDA:3,(anonymous_5)
FNDA:4,(anonymous_6)
FNDA:10,(anonymous_7)
FNDA:6,(anonymous_8)
FNDA:1,(anonymous_9)
FNDA:1,(anonymous_10)
FNDA:1,(anonymous_11)
DA:8,2
DA:9,2
DA:10,2
DA:17,6
DA:18,6
DA:21,6
DA:22,1
DA:28,5
DA:29,1
DA:36,4
DA:37,4
DA:38,2
DA:45,2
DA:46,2
DA:47,1
DA:53,1
DA:58,0
DA:59,0
DA:70,6
DA:71,6
DA:74,6
DA:75,1
DA:82,5
DA:83,5
DA:84,1
DA:91,4
DA:92,4
DA:93,4
DA:94,4
DA:96,4
DA:97,3
DA:103,1
DA:108,0
DA:109,0
DA:120,6
DA:121,6
DA:123,6
DA:124,0
DA:131,6
DA:132,44
DA:135,6
DA:136,2
DA:143,4
DA:144,4
DA:145,1
DA:151,3
DA:156,0
DA:157,0
DA:168,5
DA:169,5
DA:172,5
DA:174,5
DA:175,5
DA:176,1
DA:184,4
DA:185,2
DA:192,2
DA:193,2
DA:194,1
DA:200,1
DA:205,0
DA:206,0
DA:217,3
DA:218,3
DA:220,3
DA:221,0
DA:228,3
DA:229,3
DA:230,2
DA:236,1
DA:241,0
DA:242,0
DA:253,4
DA:254,4
DA:257,4
DA:258,2
DA:265,2
DA:266,2
DA:267,1
DA:273,1
DA:278,0
DA:279,0
DA:290,10
DA:302,10
DA:305,10
DA:307,1
DA:313,9
DA:314,1
DA:320,8
DA:321,1
DA:327,7
DA:328,7
DA:329,1
DA:335,6
DA:336,6
DA:337,1
DA:343,5
DA:354,5
DA:359,0
DA:360,0
DA:370,6
DA:371,6
DA:374,6
DA:375,6
DA:376,1
DA:382,5
DA:383,1
DA:384,1
DA:385,0
DA:391,5
DA:392,5
DA:393,5
DA:394,1
DA:401,4
DA:402,1
DA:406,4
DA:407,4
DA:410,4
DA:414,0
DA:415,0
DA:425,1
DA:426,1
DA:429,1
DA:430,1
DA:431,0
DA:436,1
DA:439,1
DA:440,1
DA:441,1
DA:442,1
DA:449,0
DA:450,0
DA:451,0
DA:452,0
DA:459,0
DA:460,0
DA:463,0
DA:465,0
DA:470,0
DA:471,0
DA:475,0
DA:478,0
DA:479,0
DA:489,1
DA:490,1
DA:495,0
DA:496,0
DA:506,1
DA:507,1
DA:513,0
DA:514,0
DA:521,2
LF:152
LH:115
BRDA:21,0,0,1
BRDA:21,0,1,5
BRDA:21,1,0,6
BRDA:21,1,1,6
BRDA:28,2,0,1
BRDA:28,2,1,4
BRDA:37,3,0,2
BRDA:37,3,1,2
BRDA:46,4,0,1
BRDA:46,4,1,1
BRDA:74,5,0,1
BRDA:74,5,1,5
BRDA:74,6,0,6
BRDA:74,6,1,6
BRDA:83,7,0,1
BRDA:83,7,1,4
BRDA:94,8,0,2
BRDA:94,8,1,2
BRDA:94,9,0,2
BRDA:94,9,1,2
BRDA:94,10,0,1
BRDA:94,10,1,3
BRDA:96,11,0,3
BRDA:96,11,1,1
BRDA:123,12,0,0
BRDA:123,12,1,6
BRDA:132,13,0,21
BRDA:132,13,1,23
BRDA:135,14,0,2
BRDA:135,14,1,4
BRDA:135,15,0,6
BRDA:135,15,1,5
BRDA:144,16,0,1
BRDA:144,16,1,3
BRDA:172,17,0,5
BRDA:172,17,1,0
BRDA:175,18,0,1
BRDA:175,18,1,4
BRDA:184,19,0,2
BRDA:184,19,1,2
BRDA:184,20,0,4
BRDA:184,20,1,4
BRDA:193,21,0,1
BRDA:193,21,1,1
BRDA:220,22,0,0
BRDA:220,22,1,3
BRDA:229,23,0,2
BRDA:229,23,1,1
BRDA:257,24,0,2
BRDA:257,24,1,2
BRDA:257,25,0,4
BRDA:257,25,1,4
BRDA:266,26,0,1
BRDA:266,26,1,1
BRDA:305,27,0,1
BRDA:305,27,1,9
BRDA:305,28,0,10
BRDA:305,28,1,10
BRDA:305,28,2,10
BRDA:305,28,3,9
BRDA:305,28,4,9
BRDA:305,28,5,9
BRDA:305,28,6,9
BRDA:305,28,7,9
BRDA:313,29,0,1
BRDA:313,29,1,8
BRDA:320,30,0,1
BRDA:320,30,1,7
BRDA:328,31,0,1
BRDA:328,31,1,6
BRDA:336,32,0,1
BRDA:336,32,1,5
BRDA:375,33,0,1
BRDA:375,33,1,5
BRDA:382,34,0,1
BRDA:382,34,1,4
BRDA:384,35,0,0
BRDA:384,35,1,1
BRDA:391,36,0,5
BRDA:391,36,1,0
BRDA:393,37,0,1
BRDA:393,37,1,4
BRDA:401,38,0,1
BRDA:401,38,1,3
BRDA:406,39,0,4
BRDA:406,39,1,0
BRDA:430,40,0,0
BRDA:430,40,1,1
BRDA:439,41,0,1
BRDA:439,41,1,0
BRDA:441,42,0,1
BRDA:441,42,1,0
BRDA:449,43,0,0
BRDA:449,43,1,0
BRDA:451,44,0,0
BRDA:451,44,1,0
BRDA:470,45,0,0
BRDA:470,45,1,0
BRF:98
BRH:83
end_of_record
TN:
SF:src/routes/auth.js
FNF:0
FNH:0
DA:1,2
DA:2,2
DA:3,2
DA:5,2
DA:8,2
DA:14,2
DA:20,2
DA:26,2
DA:29,2
DA:31,2
LF:10
LH:10
BRF:0
BRH:0
end_of_record
TN:
SF:src/routes/register.js
FN:12,(anonymous_0)
FN:17,(anonymous_1)
FN:22,(anonymous_2)
FN:27,(anonymous_3)
FN:32,(anonymous_4)
FN:37,(anonymous_5)
FN:42,(anonymous_6)
FN:47,(anonymous_7)
FN:52,(anonymous_8)
FN:57,(anonymous_9)
FN:62,(anonymous_10)
FNF:11
FNH:11
FNDA:6,(anonymous_0)
FNDA:6,(anonymous_1)
FNDA:6,(anonymous_2)
FNDA:5,(anonymous_3)
FNDA:3,(anonymous_4)
FNDA:4,(anonymous_5)
FNDA:10,(anonymous_6)
FNDA:6,(anonymous_7)
FNDA:1,(anonymous_8)
FNDA:1,(anonymous_9)
FNDA:1,(anonymous_10)
DA:7,2
DA:8,2
DA:9,2
DA:12,2
DA:13,6
DA:17,2
DA:18,6
DA:22,2
DA:23,6
DA:27,2
DA:28,5
DA:32,2
DA:33,3
DA:37,2
DA:38,4
DA:42,2
DA:43,10
DA:47,2
DA:48,6
DA:52,2
DA:53,1
DA:57,2
DA:58,1
DA:62,2
DA:63,1
DA:66,2
LF:26
LH:26
BRF:0
BRH:0
end_of_record
TN:
SF:src/services/authService.js
FN:9,(anonymous_0)
FN:48,(anonymous_1)
FN:58,(anonymous_2)
FN:82,(anonymous_3)
FN:111,(anonymous_4)
FN:144,(anonymous_5)
FN:190,(anonymous_6)
FN:206,(anonymous_7)
FN:213,(anonymous_8)
FN:219,(anonymous_9)
FN:225,(anonymous_10)
FNF:11
FNH:8
FNDA:8,(anonymous_0)
FNDA:7,(anonymous_1)
FNDA:3,(anonymous_2)
FNDA:0,(anonymous_3)
FNDA:0,(anonymous_4)
FNDA:0,(anonymous_5)
FNDA:4,(anonymous_6)
FNDA:6,(anonymous_7)
FNDA:12,(anonymous_8)
FNDA:14,(anonymous_9)
FNDA:12,(anonymous_10)
DA:1,3
DA:2,3
DA:3,3
DA:4,3
DA:5,3
DA:10,8
DA:12,8
DA:14,8
DA:15,0
DA:19,8
DA:20,8
DA:21,4
DA:22,4
DA:23,2
DA:24,2
DA:25,2
DA:26,2
DA:27,2
DA:30,8
DA:31,2
DA:35,6
DA:36,6
DA:37,0
DA:40,6
DA:42,0
DA:43,0
DA:49,7
DA:50,7
DA:52,0
DA:53,0
DA:59,3
DA:60,3
DA:61,3
DA:63,3
DA:72,3
DA:74,3
DA:76,0
DA:77,0
DA:83,0
DA:85,0
DA:87,0
DA:88,0
DA:91,0
DA:94,0
DA:95,0
DA:98,0
DA:99,0
DA:100,0
DA:103,0
DA:105,0
DA:106,0
DA:112,0
DA:114,0
DA:115,0
DA:116,0
DA:119,0
DA:122,0
DA:123,0
DA:124,0
DA:128,0
DA:131,0
DA:134,0
DA:136,0
DA:138,0
DA:139,0
DA:145,0
DA:147,0
DA:149,0
DA:150,0
DA:153,0
DA:156,0
DA:158,0
DA:159,0
DA:163,0
DA:164,0
DA:165,0
DA:168,0
DA:169,0
DA:172,0
DA:174,0
DA:184,0
DA:185,0
DA:191,4
DA:193,4
DA:198,4
DA:200,0
DA:201,0
DA:208,6
DA:209,6
DA:214,12
DA:215,12
DA:220,14
DA:221,14
DA:226,12
DA:227,3
DA:228,9
DA:229,3
DA:230,6
DA:231,5
DA:233,1
DA:237,3
LF:101
LH:47
BRDA:14,0,0,0
BRDA:14,0,1,8
BRDA:20,1,0,4
BRDA:20,1,1,4
BRDA:22,2,0,2
BRDA:22,2,1,2
BRDA:25,3,0,2
BRDA:25,3,1,0
BRDA:30,4,0,2
BRDA:30,4,1,6
BRDA:36,5,0,0
BRDA:36,5,1,6
BRDA:87,6,0,0
BRDA:87,6,1,0
BRDA:94,7,0,0
BRDA:94,7,1,0
BRDA:99,8,0,0
BRDA:99,8,1,0
BRDA:115,9,0,0
BRDA:115,9,1,0
BRDA:123,10,0,0
BRDA:123,10,1,0
BRDA:149,11,0,0
BRDA:149,11,1,0
BRDA:158,12,0,0
BRDA:158,12,1,0
BRDA:226,13,0,3
BRDA:226,13,1,9
BRDA:228,14,0,3
BRDA:228,14,1,6
BRDA:230,15,0,5
BRDA:230,15,1,1
BRF:32
BRH:15
end_of_record
TN:
SF:src/services/dbService.js
FN:5,(anonymous_0)
FN:11,(anonymous_1)
FN:16,(anonymous_2)
FN:27,(anonymous_3)
FN:93,(anonymous_4)
FN:94,(anonymous_5)
FN:95,(anonymous_6)
FN:106,(anonymous_7)
FN:107,(anonymous_8)
FN:108,(anonymous_9)
FN:119,(anonymous_10)
FN:120,(anonymous_11)
FN:121,(anonymous_12)
FN:132,(anonymous_13)
FN:134,(anonymous_14)
FNF:15
FNH:12
FNDA:4,(anonymous_0)
FNDA:4,(anonymous_1)
FNDA:4,(anonymous_2)
FNDA:4,(anonymous_3)
FNDA:61,(anonymous_4)
FNDA:61,(anonymous_5)
FNDA:61,(anonymous_6)
FNDA:0,(anonymous_7)
FNDA:0,(anonymous_8)
FNDA:0,(anonymous_9)
FNDA:473,(anonymous_10)
FNDA:473,(anonymous_11)
FNDA:473,(anonymous_12)
FNDA:4,(anonymous_13)
FNDA:4,(anonymous_14)
DA:1,4
DA:2,4
DA:6,4
DA:7,4
DA:12,4
DA:16,4
DA:17,4
DA:18,0
DA:20,4
DA:21,4
DA:29,4
DA:48,4
DA:62,4
DA:76,4
DA:86,4
DA:87,4
DA:88,4
DA:89,4
DA:94,61
DA:95,61
DA:96,61
DA:97,0
DA:99,61
DA:107,0
DA:108,0
DA:109,0
DA:110,0
DA:112,0
DA:120,473
DA:121,473
DA:122,473
DA:123,3
DA:125,470
DA:133,4
DA:134,4
DA:135,4
DA:136,0
DA:138,4
DA:145,4
LF:39
LH:31
BRDA:12,0,0,4
BRDA:12,0,1,0
BRDA:13,1,0,4
BRDA:13,1,1,0
BRDA:14,2,0,0
BRDA:14,2,1,0
BRDA:17,3,0,0
BRDA:17,3,1,4
BRDA:93,4,0,0
BRDA:96,5,0,0
BRDA:96,5,1,61
BRDA:106,6,0,0
BRDA:109,7,0,0
BRDA:109,7,1,0
BRDA:119,8,0,410
BRDA:122,9,0,3
BRDA:122,9,1,470
BRDA:133,10,0,4
BRDA:133,10,1,0
BRDA:135,11,0,0
BRDA:135,11,1,4
BRF:21
BRH:9
end_of_record
TN:
SF:src/services/registrationDbService.js
FN:14,(anonymous_0)
FN:30,(anonymous_1)
FN:46,(anonymous_2)
FN:86,(anonymous_3)
FN:127,(anonymous_4)
FN:164,(anonymous_5)
FN:186,(anonymous_6)
FNF:7
FNH:7
FNDA:18,(anonymous_0)
FNDA:12,(anonymous_1)
FNDA:9,(anonymous_2)
FNDA:9,(anonymous_3)
FNDA:5,(anonymous_4)
FNDA:7,(anonymous_5)
FNDA:3,(anonymous_6)
DA:7,4
DA:8,4
DA:15,18
DA:16,18
DA:20,18
DA:22,0
DA:23,0
DA:31,12
DA:32,12
DA:36,12
DA:38,0
DA:39,0
DA:47,9
DA:49,9
DA:50,9
DA:53,9
DA:72,6
DA:74,3
DA:76,3
DA:77,3
DA:79,0
DA:87,9
DA:89,9
DA:92,9
DA:93,9
DA:96,9
DA:110,9
DA:119,0
DA:120,0
DA:128,5
DA:130,5
DA:137,5
DA:138,2
DA:142,3
DA:143,3
DA:144,3
DA:145,1
DA:149,2
DA:154,2
DA:156,0
DA:157,0
DA:165,7
DA:166,7
DA:167,7
DA:168,7
DA:170,7
DA:176,7
DA:178,0
DA:179,0
DA:187,3
DA:188,3
DA:195,3
DA:196,2
DA:200,1
DA:201,1
DA:202,1
DA:203,0
DA:207,1
DA:212,1
DA:214,0
DA:215,0
DA:220,4
LF:62
LH:48
BRDA:20,0,0,18
BRDA:20,0,1,10
BRDA:36,1,0,12
BRDA:36,1,1,8
BRDA:63,2,0,9
BRDA:63,2,1,8
BRDA:76,3,0,3
BRDA:76,3,1,0
BRDA:76,4,0,3
BRDA:76,4,1,3
BRDA:137,5,0,2
BRDA:137,5,1,3
BRDA:144,6,0,1
BRDA:144,6,1,2
BRDA:195,7,0,2
BRDA:195,7,1,1
BRDA:202,8,0,0
BRDA:202,8,1,1
BRF:18
BRH:16
end_of_record
TN:
SF:src/services/sessionService.js
FN:13,(anonymous_0)
FN:33,(anonymous_1)
FN:61,(anonymous_2)
FN:76,(anonymous_3)
FN:97,(anonymous_4)
FNF:5
FNH:4
FNDA:8,(anonymous_0)
FNDA:7,(anonymous_1)
FNDA:0,(anonymous_2)
FNDA:1,(anonymous_3)
FNDA:9,(anonymous_4)
DA:6,3
DA:7,3
DA:14,8
DA:15,8
DA:16,8
DA:18,8
DA:23,8
DA:25,0
DA:26,0
DA:34,7
DA:35,7
DA:36,0
DA:39,7
DA:44,7
DA:45,1
DA:48,6
DA:53,0
DA:54,0
DA:62,0
DA:63,0
DA:68,0
DA:69,0
DA:77,1
DA:79,1
DA:87,1
DA:89,0
DA:90,0
DA:98,9
DA:100,9
DA:108,9
DA:110,0
DA:111,0
DA:116,3
LF:33
LH:20
BRDA:35,0,0,0
BRDA:35,0,1,7
BRDA:44,1,0,1
BRDA:44,1,1,6
BRF:4
BRH:3
end_of_record
